<?xml version="1.0" encoding="UTF-8"?>
<!-- Generated by org.testng.reporters.JUnitXMLReporter -->
<testsuite ignored="0" hostname="WINDOWS-1DOT8LB" failures="1" tests="1" name="Test" time="16.503" errors="0" timestamp="2024-01-04T16:08:56 EST">
  <testcase classname="testCases.TC_001_OrangeDemoLoginPageTest" name="verify_orangehrmaccount_login" time="11.111">
    <failure type="java.lang.AssertionError" message="null">
      <![CDATA[java.lang.AssertionError: null
at testCases.TC_001_OrangeDemoLoginPageTest.verify_orangehrmaccount_login(TC_001_OrangeDemoLoginPageTest.java:50)
at java.base/java.util.ArrayList.forEach(ArrayList.java:1511)
... Removed 29 stack frames]]>
    </failure>
  </testcase> <!-- verify_orangehrmaccount_login -->
</testsuite> <!-- Test -->
