<?xml version="1.0" encoding="UTF-8"?>
<testng-results ignored="0" total="3" passed="2" failed="1" skipped="0">
  <reporter-output>
  </reporter-output>
  <suite started-at="2024-01-09T10:03:21 NZDT" name="Suite" finished-at="2024-01-09T10:04:27 NZDT" duration-ms="66936">
    <groups>
      <group name="regression">
        <method signature="TC_003_searchemployee.verify_search_customer()[pri:0, instance:testCases.TC_003_searchemployee@4c402120]" name="verify_search_customer" class="testCases.TC_003_searchemployee"/>
      </group> <!-- regression -->
      <group name="sanity">
        <method signature="TC_001_OrangeDemoLoginPageTest.verify_orangehrmaccount_login()[pri:0, instance:testCases.TC_001_OrangeDemoLoginPageTest@3c41ed1d]" name="verify_orangehrmaccount_login" class="testCases.TC_001_OrangeDemoLoginPageTest"/>
        <method signature="TC_002_addemployee.verify_addemployee()[pri:0, instance:testCases.TC_002_addemployee@2d1ef81a]" name="verify_addemployee" class="testCases.TC_002_addemployee"/>
      </group> <!-- sanity -->
    </groups>
    <test started-at="2024-01-09T10:03:21 NZDT" name="Test" finished-at="2024-01-09T10:04:27 NZDT" duration-ms="66936">
      <class name="testCases.TC_002_addemployee">
        <test-method is-config="true" signature="setup(java.lang.String,java.lang.String)[pri:0, instance:testCases.TC_002_addemployee@2d1ef81a]" started-at="2024-01-09T10:03:36 NZDT" name="setup" finished-at="2024-01-09T10:03:43 NZDT" duration-ms="7056" status="PASS">
          <params>
            <param index="0">
              <value>
                <![CDATA[windows]]>
              </value>
            </param>
            <param index="1">
              <value>
                <![CDATA[chrome]]>
              </value>
            </param>
          </params>
          <reporter-output>
          </reporter-output>
        </test-method> <!-- setup -->
        <test-method signature="verify_addemployee()[pri:0, instance:testCases.TC_002_addemployee@2d1ef81a]" started-at="2024-01-09T10:03:43 NZDT" name="verify_addemployee" finished-at="2024-01-09T10:03:55 NZDT" duration-ms="11964" status="PASS">
          <reporter-output>
          </reporter-output>
        </test-method> <!-- verify_addemployee -->
        <test-method is-config="true" signature="tearDown()[pri:0, instance:testCases.TC_002_addemployee@2d1ef81a]" started-at="2024-01-09T10:03:55 NZDT" name="tearDown" finished-at="2024-01-09T10:03:55 NZDT" duration-ms="448" status="PASS">
          <reporter-output>
          </reporter-output>
        </test-method> <!-- tearDown -->
      </class> <!-- testCases.TC_002_addemployee -->
      <class name="testCases.TC_003_searchemployee">
        <test-method is-config="true" signature="setup(java.lang.String,java.lang.String)[pri:0, instance:testCases.TC_003_searchemployee@4c402120]" started-at="2024-01-09T10:03:55 NZDT" name="setup" finished-at="2024-01-09T10:04:01 NZDT" duration-ms="6464" status="PASS">
          <params>
            <param index="0">
              <value>
                <![CDATA[windows]]>
              </value>
            </param>
            <param index="1">
              <value>
                <![CDATA[chrome]]>
              </value>
            </param>
          </params>
          <reporter-output>
          </reporter-output>
        </test-method> <!-- setup -->
        <test-method signature="verify_search_customer()[pri:0, instance:testCases.TC_003_searchemployee@4c402120]" started-at="2024-01-09T10:04:01 NZDT" name="verify_search_customer" finished-at="2024-01-09T10:04:27 NZDT" duration-ms="25338" status="FAIL">
          <exception class="java.lang.AssertionError">
            <message>
              <![CDATA[null]]>
            </message>
            <full-stacktrace>
              <![CDATA[java.lang.AssertionError: null
at org.testng.Assert.fail(Assert.java:111)
at org.testng.Assert.fail(Assert.java:116)
at testCases.TC_003_searchemployee.verify_search_customer(TC_003_searchemployee.java:37)
at java.base/jdk.internal.reflect.DirectMethodHandleAccessor.invoke(DirectMethodHandleAccessor.java:104)
at java.base/java.lang.reflect.Method.invoke(Method.java:578)
at org.testng.internal.invokers.MethodInvocationHelper.invokeMethod(MethodInvocationHelper.java:139)
at org.testng.internal.invokers.TestInvoker.invokeMethod(TestInvoker.java:664)
at org.testng.internal.invokers.TestInvoker.invokeTestMethod(TestInvoker.java:227)
at org.testng.internal.invokers.MethodRunner.runInSequence(MethodRunner.java:50)
at org.testng.internal.invokers.TestInvoker$MethodInvocationAgent.invoke(TestInvoker.java:957)
at org.testng.internal.invokers.TestInvoker.invokeTestMethods(TestInvoker.java:200)
at org.testng.internal.invokers.TestMethodWorker.invokeTestMethods(TestMethodWorker.java:148)
at org.testng.internal.invokers.TestMethodWorker.run(TestMethodWorker.java:128)
at java.base/java.util.ArrayList.forEach(ArrayList.java:1511)
at org.testng.TestRunner.privateRun(TestRunner.java:848)
at org.testng.TestRunner.run(TestRunner.java:621)
at org.testng.SuiteRunner.runTest(SuiteRunner.java:443)
at org.testng.SuiteRunner.runSequentially(SuiteRunner.java:437)
at org.testng.SuiteRunner.privateRun(SuiteRunner.java:397)
at org.testng.SuiteRunner.run(SuiteRunner.java:336)
at org.testng.SuiteRunnerWorker.runSuite(SuiteRunnerWorker.java:52)
at org.testng.SuiteRunnerWorker.run(SuiteRunnerWorker.java:95)
at org.testng.TestNG.runSuitesSequentially(TestNG.java:1280)
at org.testng.TestNG.runSuitesLocally(TestNG.java:1200)
at org.testng.TestNG.runSuites(TestNG.java:1114)
at org.testng.TestNG.run(TestNG.java:1082)
at org.testng.remote.AbstractRemoteTestNG.run(AbstractRemoteTestNG.java:115)
at org.testng.remote.RemoteTestNG.initAndRun(RemoteTestNG.java:251)
at org.testng.remote.RemoteTestNG.main(RemoteTestNG.java:77)
]]>
            </full-stacktrace>
          </exception> <!-- java.lang.AssertionError -->
          <reporter-output>
          </reporter-output>
        </test-method> <!-- verify_search_customer -->
        <test-method is-config="true" signature="tearDown()[pri:0, instance:testCases.TC_003_searchemployee@4c402120]" started-at="2024-01-09T10:04:27 NZDT" name="tearDown" finished-at="2024-01-09T10:04:27 NZDT" duration-ms="429" status="PASS">
          <reporter-output>
          </reporter-output>
        </test-method> <!-- tearDown -->
      </class> <!-- testCases.TC_003_searchemployee -->
      <class name="testCases.TC_001_OrangeDemoLoginPageTest">
        <test-method is-config="true" signature="setup(java.lang.String,java.lang.String)[pri:0, instance:testCases.TC_001_OrangeDemoLoginPageTest@3c41ed1d]" started-at="2024-01-09T10:03:21 NZDT" name="setup" finished-at="2024-01-09T10:03:30 NZDT" duration-ms="8958" status="PASS">
          <params>
            <param index="0">
              <value>
                <![CDATA[windows]]>
              </value>
            </param>
            <param index="1">
              <value>
                <![CDATA[chrome]]>
              </value>
            </param>
          </params>
          <reporter-output>
          </reporter-output>
        </test-method> <!-- setup -->
        <test-method signature="verify_orangehrmaccount_login()[pri:0, instance:testCases.TC_001_OrangeDemoLoginPageTest@3c41ed1d]" started-at="2024-01-09T10:03:30 NZDT" name="verify_orangehrmaccount_login" finished-at="2024-01-09T10:03:35 NZDT" duration-ms="4873" status="PASS">
          <reporter-output>
          </reporter-output>
        </test-method> <!-- verify_orangehrmaccount_login -->
        <test-method is-config="true" signature="tearDown()[pri:0, instance:testCases.TC_001_OrangeDemoLoginPageTest@3c41ed1d]" started-at="2024-01-09T10:03:35 NZDT" name="tearDown" finished-at="2024-01-09T10:03:36 NZDT" duration-ms="489" status="PASS">
          <reporter-output>
          </reporter-output>
        </test-method> <!-- tearDown -->
      </class> <!-- testCases.TC_001_OrangeDemoLoginPageTest -->
    </test> <!-- Test -->
  </suite> <!-- Suite -->
</testng-results>
